2024-06-02 12:50:16.340 [restartedMain] ERROR o.s.b.d.LoggingFailureAnalysisReporter - 

***************************
APPLICATION FAILED TO START
***************************

Description:

Parameter 1 of constructor in com.crm.service.serviceImpl.UserServiceImpl required a bean of type 'org.springframework.security.crypto.bcrypt.BCryptPasswordEncoder' that could not be found.


Action:

Consider defining a bean of type 'org.springframework.security.crypto.bcrypt.BCryptPasswordEncoder' in your configuration.

2024-06-03 08:52:28.630 [restartedMain] ERROR o.s.b.d.LoggingFailureAnalysisReporter - 

***************************
APPLICATION FAILED TO START
***************************

Description:

Parameter 1 of constructor in com.crm.service.serviceImpl.UserServiceImpl required a bean of type 'org.springframework.security.crypto.bcrypt.BCryptPasswordEncoder' that could not be found.


Action:

Consider defining a bean of type 'org.springframework.security.crypto.bcrypt.BCryptPasswordEncoder' in your configuration.

2024-06-03 08:59:01.099 [restartedMain] ERROR o.s.b.d.LoggingFailureAnalysisReporter - 

***************************
APPLICATION FAILED TO START
***************************

Description:

Parameter 1 of constructor in com.crm.service.serviceImpl.UserServiceImpl required a bean of type 'org.springframework.security.crypto.bcrypt.BCryptPasswordEncoder' that could not be found.


Action:

Consider defining a bean of type 'org.springframework.security.crypto.bcrypt.BCryptPasswordEncoder' in your configuration.

